TN:verilator_coverage
SF:/home/matheus/Documentos/CNN/CNN/src/ReLU/ReLU.sv
DA:4,518
BRDA:4,0,0,502
BRDA:4,0,1,502
BRDA:4,0,2,493
BRDA:4,0,3,493
BRDA:4,0,4,491
BRDA:4,0,5,491
BRDA:4,0,6,489
BRDA:4,0,7,489
BRDA:4,0,8,504
BRDA:4,0,9,504
BRDA:4,0,10,496
BRDA:4,0,11,496
BRDA:4,0,12,492
BRDA:4,0,13,492
BRDA:4,0,14,506
BRDA:4,0,15,506
BRDA:4,0,16,506
BRDA:4,0,17,506
BRDA:4,0,18,509
BRDA:4,0,19,509
BRDA:4,0,20,497
BRDA:4,0,21,497
BRDA:4,0,22,511
BRDA:4,0,23,511
BRDA:4,0,24,496
BRDA:4,0,25,496
BRDA:4,0,26,515
BRDA:4,0,27,515
BRDA:4,0,28,513
BRDA:4,0,29,513
BRDA:4,0,30,465
BRDA:4,0,31,465
BRDA:4,0,32,515
BRDA:4,0,33,515
BRDA:4,0,34,509
BRDA:4,0,35,509
BRDA:4,0,36,507
BRDA:4,0,37,507
BRDA:4,0,38,484
BRDA:4,0,39,484
BRDA:4,0,40,498
BRDA:4,0,41,498
BRDA:4,0,42,470
BRDA:4,0,43,470
BRDA:4,0,44,498
BRDA:4,0,45,498
BRDA:4,0,46,513
BRDA:4,0,47,513
BRDA:4,0,48,7
BRDA:4,0,49,6
BRDA:4,0,50,511
BRDA:4,0,51,511
BRDA:4,0,52,492
BRDA:4,0,53,492
BRDA:4,0,54,492
BRDA:4,0,55,492
BRDA:4,0,56,491
BRDA:4,0,57,491
BRDA:4,0,58,509
BRDA:4,0,59,509
BRDA:4,0,60,518
BRDA:4,0,61,518
BRDA:4,0,62,504
BRDA:4,0,63,504
DA:5,263
BRDA:5,0,0,255
BRDA:5,0,1,255
BRDA:5,0,2,248
BRDA:5,0,3,248
BRDA:5,0,4,241
BRDA:5,0,5,241
BRDA:5,0,6,240
BRDA:5,0,7,240
BRDA:5,0,8,254
BRDA:5,0,9,254
BRDA:5,0,10,244
BRDA:5,0,11,244
BRDA:5,0,12,250
BRDA:5,0,13,250
BRDA:5,0,14,250
BRDA:5,0,15,250
BRDA:5,0,16,252
BRDA:5,0,17,252
BRDA:5,0,18,254
BRDA:5,0,19,254
BRDA:5,0,20,243
BRDA:5,0,21,243
BRDA:5,0,22,255
BRDA:5,0,23,255
BRDA:5,0,24,249
BRDA:5,0,25,249
BRDA:5,0,26,257
BRDA:5,0,27,257
BRDA:5,0,28,260
BRDA:5,0,29,260
BRDA:5,0,30,238
BRDA:5,0,31,238
BRDA:5,0,32,263
BRDA:5,0,33,263
BRDA:5,0,34,246
BRDA:5,0,35,246
BRDA:5,0,36,249
BRDA:5,0,37,249
BRDA:5,0,38,236
BRDA:5,0,39,236
BRDA:5,0,40,249
BRDA:5,0,41,249
BRDA:5,0,42,232
BRDA:5,0,43,232
BRDA:5,0,44,248
BRDA:5,0,45,248
BRDA:5,0,46,260
BRDA:5,0,47,260
BRDA:5,0,48,0
BRDA:5,0,49,0
BRDA:5,0,50,258
BRDA:5,0,51,258
BRDA:5,0,52,244
BRDA:5,0,53,244
BRDA:5,0,54,232
BRDA:5,0,55,232
BRDA:5,0,56,244
BRDA:5,0,57,244
BRDA:5,0,58,263
BRDA:5,0,59,263
BRDA:5,0,60,262
BRDA:5,0,61,262
BRDA:5,0,62,254
BRDA:5,0,63,254
DA:12,7002
BRDA:12,0,0,7002
BRDA:12,0,1,7000
BRF:130
BRH:126
end_of_record
SF:/home/matheus/Documentos/CNN/CNN/testbenchs/ReLU/testbench.sv
DA:5,518
BRDA:5,0,0,502
BRDA:5,0,1,502
BRDA:5,0,2,493
BRDA:5,0,3,493
BRDA:5,0,4,491
BRDA:5,0,5,491
BRDA:5,0,6,489
BRDA:5,0,7,489
BRDA:5,0,8,504
BRDA:5,0,9,504
BRDA:5,0,10,496
BRDA:5,0,11,496
BRDA:5,0,12,492
BRDA:5,0,13,492
BRDA:5,0,14,506
BRDA:5,0,15,506
BRDA:5,0,16,506
BRDA:5,0,17,506
BRDA:5,0,18,509
BRDA:5,0,19,509
BRDA:5,0,20,497
BRDA:5,0,21,497
BRDA:5,0,22,511
BRDA:5,0,23,511
BRDA:5,0,24,496
BRDA:5,0,25,496
BRDA:5,0,26,515
BRDA:5,0,27,515
BRDA:5,0,28,513
BRDA:5,0,29,513
BRDA:5,0,30,465
BRDA:5,0,31,465
BRDA:5,0,32,515
BRDA:5,0,33,515
BRDA:5,0,34,509
BRDA:5,0,35,509
BRDA:5,0,36,507
BRDA:5,0,37,507
BRDA:5,0,38,484
BRDA:5,0,39,484
BRDA:5,0,40,498
BRDA:5,0,41,498
BRDA:5,0,42,470
BRDA:5,0,43,470
BRDA:5,0,44,498
BRDA:5,0,45,498
BRDA:5,0,46,513
BRDA:5,0,47,513
BRDA:5,0,48,7
BRDA:5,0,49,6
BRDA:5,0,50,511
BRDA:5,0,51,511
BRDA:5,0,52,492
BRDA:5,0,53,492
BRDA:5,0,54,492
BRDA:5,0,55,492
BRDA:5,0,56,491
BRDA:5,0,57,491
BRDA:5,0,58,509
BRDA:5,0,59,509
BRDA:5,0,60,518
BRDA:5,0,61,518
BRDA:5,0,62,504
BRDA:5,0,63,504
DA:6,263
BRDA:6,0,0,255
BRDA:6,0,1,255
BRDA:6,0,2,248
BRDA:6,0,3,248
BRDA:6,0,4,241
BRDA:6,0,5,241
BRDA:6,0,6,240
BRDA:6,0,7,240
BRDA:6,0,8,254
BRDA:6,0,9,254
BRDA:6,0,10,244
BRDA:6,0,11,244
BRDA:6,0,12,250
BRDA:6,0,13,250
BRDA:6,0,14,250
BRDA:6,0,15,250
BRDA:6,0,16,252
BRDA:6,0,17,252
BRDA:6,0,18,254
BRDA:6,0,19,254
BRDA:6,0,20,243
BRDA:6,0,21,243
BRDA:6,0,22,255
BRDA:6,0,23,255
BRDA:6,0,24,249
BRDA:6,0,25,249
BRDA:6,0,26,257
BRDA:6,0,27,257
BRDA:6,0,28,260
BRDA:6,0,29,260
BRDA:6,0,30,238
BRDA:6,0,31,238
BRDA:6,0,32,263
BRDA:6,0,33,263
BRDA:6,0,34,246
BRDA:6,0,35,246
BRDA:6,0,36,249
BRDA:6,0,37,249
BRDA:6,0,38,236
BRDA:6,0,39,236
BRDA:6,0,40,249
BRDA:6,0,41,249
BRDA:6,0,42,232
BRDA:6,0,43,232
BRDA:6,0,44,248
BRDA:6,0,45,248
BRDA:6,0,46,260
BRDA:6,0,47,260
BRDA:6,0,48,0
BRDA:6,0,49,0
BRDA:6,0,50,258
BRDA:6,0,51,258
BRDA:6,0,52,244
BRDA:6,0,53,244
BRDA:6,0,54,232
BRDA:6,0,55,232
BRDA:6,0,56,244
BRDA:6,0,57,244
BRDA:6,0,58,263
BRDA:6,0,59,263
BRDA:6,0,60,262
BRDA:6,0,61,262
BRDA:6,0,62,254
BRDA:6,0,63,254
DA:10,1
DA:14,7
DA:16,7
DA:17,7
DA:18,7
DA:19,7
DA:23,1
DA:24,1
DA:26,14000
DA:29,14000
DA:88,1000
DA:89,1000
DA:90,1000
DA:91,1000
DA:95,1000
DA:96,1000
DA:97,1000
DA:98,1000
DA:102,1000
DA:103,1000
DA:104,1000
DA:105,1000
DA:109,1000
DA:110,1000
DA:111,1000
DA:112,1000
DA:116,1000
DA:117,1000
DA:118,1000
DA:119,1000
DA:123,1000
DA:124,1000
DA:125,1000
DA:126,1000
DA:130,1000
DA:131,1000
DA:132,1000
DA:133,1000
DA:137,1000
DA:138,1000
DA:139,1000
DA:140,1000
DA:144,1000
DA:145,1000
DA:146,1000
DA:147,1000
DA:151,1000
DA:152,1000
DA:153,1000
DA:154,1000
DA:158,1000
DA:159,1000
DA:160,1000
DA:161,1000
DA:165,1000
DA:166,1000
DA:167,1000
DA:168,1000
DA:172,1000
DA:173,1000
DA:174,1000
DA:175,1000
DA:179,1000
DA:180,1000
DA:181,1000
DA:182,1000
DA:186,16
DA:188,1
DA:189,1
DA:190,1
DA:191,1
DA:192,1
DA:196,1
DA:197,1
DA:198,1
DA:199,1
DA:203,1
DA:204,1
DA:205,1
DA:206,1000
BRDA:206,0,0,1
BRDA:206,0,1,1000
DA:207,1000
BRDA:207,0,0,1
BRDA:207,0,1,1000
DA:211,1
DA:212,1
DA:213,1
DA:214,1000
BRDA:214,0,0,1
BRDA:214,0,1,1000
DA:215,1000
BRDA:215,0,0,1
BRDA:215,0,1,1000
DA:219,1
DA:220,1
DA:221,1
DA:222,1000
BRDA:222,0,0,1
BRDA:222,0,1,1000
DA:223,1000
BRDA:223,0,0,1
BRDA:223,0,1,1000
DA:227,1
DA:228,1
DA:229,1
DA:230,1000
BRDA:230,0,0,1
BRDA:230,0,1,1000
DA:231,1000
BRDA:231,0,0,1
BRDA:231,0,1,1000
DA:235,1
DA:236,1
DA:237,1
DA:238,1000
BRDA:238,0,0,1
BRDA:238,0,1,1000
DA:239,1000
BRDA:239,0,0,1
BRDA:239,0,1,1000
DA:243,1
DA:244,1
DA:245,1
DA:246,1000
BRDA:246,0,0,1
BRDA:246,0,1,1000
DA:247,1000
BRDA:247,0,0,1
BRDA:247,0,1,1000
DA:251,1
DA:252,1
DA:253,1
DA:254,1000
BRDA:254,0,0,1
BRDA:254,0,1,1000
DA:255,1000
BRDA:255,0,0,1
BRDA:255,0,1,1000
DA:259,1
DA:260,1
DA:261,1
DA:262,1
DA:263,1
DA:264,1
DA:265,1
DA:266,1
DA:267,1
DA:271,1
DA:272,1
DA:273,1
DA:274,1
DA:275,1
DA:276,1
DA:277,1
DA:278,1
DA:279,1
DA:280,1
DA:281,1
DA:282,1
DA:286,1
DA:287,1
DA:288,1
DA:289,1
DA:292,1
DA:293,1
DA:294,1
DA:295,1
DA:296,1
BRF:156
BRH:138
end_of_record
