TN:verilator_coverage
SF:/home/matheus/Documentos/CNN/CNN/src/DotProduct/DotProduct.sv
FNF:0
FNH:0
DA:9,282647
DA:10,3
DA:11,71529
DA:12,70614
DA:13,110
DA:14,109
DA:15,70631
DA:24,110
DA:32,282647
DA:33,9044704
DA:34,9044704
DA:39,4239705
DA:42,4522352
DA:43,8762057
DA:45,4522352
DA:46,4522352
DA:48,4239705
DA:49,4239705
DA:55,282647
DA:57,282647
DA:60,1130588
DA:62,1130588
DA:63,0
DA:72,282647
DA:73,282640
DA:74,7
DA:75,282640
DA:76,282640
DA:77,1413200
DA:78,1413200
LF:30
LH:29
end_of_record
