TN:verilator_coverage
SF:/home/matheus/Documentos/CNN/CNN/src/DotProduct/DotProduct.sv
DA:9,282647
BRDA:9,0,0,282647
BRDA:9,0,1,282647
DA:10,3
BRDA:10,0,0,3
BRDA:10,0,1,3
DA:11,71529
BRDA:11,0,0,71529
BRDA:11,0,1,71528
BRDA:11,0,2,70195
BRDA:11,0,3,70195
BRDA:11,0,4,70103
BRDA:11,0,5,70102
BRDA:11,0,6,69621
BRDA:11,0,7,69620
BRDA:11,0,8,4202
BRDA:11,0,9,4202
BRDA:11,0,10,4199
BRDA:11,0,11,4199
BRDA:11,0,12,4160
BRDA:11,0,13,4160
BRDA:11,0,14,4186
BRDA:11,0,15,4186
BRDA:11,0,16,65728
BRDA:11,0,17,65728
BRDA:11,0,18,65618
BRDA:11,0,19,65618
BRDA:11,0,20,65513
BRDA:11,0,21,65513
BRDA:11,0,22,65577
BRDA:11,0,23,65577
BRDA:11,0,24,71
BRDA:11,0,25,71
BRDA:11,0,26,75
BRDA:11,0,27,75
BRDA:11,0,28,83
BRDA:11,0,29,83
BRDA:11,0,30,82
BRDA:11,0,31,82
BRDA:11,0,32,65710
BRDA:11,0,33,65710
BRDA:11,0,34,65581
BRDA:11,0,35,65581
BRDA:11,0,36,65455
BRDA:11,0,37,65455
BRDA:11,0,38,65614
BRDA:11,0,39,65614
BRDA:11,0,40,75
BRDA:11,0,41,75
BRDA:11,0,42,82
BRDA:11,0,43,82
BRDA:11,0,44,76
BRDA:11,0,45,76
BRDA:11,0,46,68
BRDA:11,0,47,68
BRDA:11,0,48,75
BRDA:11,0,49,75
BRDA:11,0,50,71
BRDA:11,0,51,71
BRDA:11,0,52,77
BRDA:11,0,53,77
BRDA:11,0,54,75
BRDA:11,0,55,75
BRDA:11,0,56,71
BRDA:11,0,57,71
BRDA:11,0,58,75
BRDA:11,0,59,75
BRDA:11,0,60,83
BRDA:11,0,61,83
BRDA:11,0,62,79
BRDA:11,0,63,79
BRDA:11,0,64,74
BRDA:11,0,65,74
BRDA:11,0,66,71
BRDA:11,0,67,71
BRDA:11,0,68,75
BRDA:11,0,69,75
BRDA:11,0,70,79
BRDA:11,0,71,79
BRDA:11,0,72,69
BRDA:11,0,73,69
BRDA:11,0,74,73
BRDA:11,0,75,73
BRDA:11,0,76,74
BRDA:11,0,77,74
BRDA:11,0,78,69
BRDA:11,0,79,69
BRDA:11,0,80,69
BRDA:11,0,81,69
BRDA:11,0,82,73
BRDA:11,0,83,73
BRDA:11,0,84,72
BRDA:11,0,85,72
BRDA:11,0,86,70
BRDA:11,0,87,70
BRDA:11,0,88,72
BRDA:11,0,89,72
BRDA:11,0,90,74
BRDA:11,0,91,74
BRDA:11,0,92,78
BRDA:11,0,93,78
BRDA:11,0,94,69
BRDA:11,0,95,69
BRDA:11,0,96,72
BRDA:11,0,97,72
BRDA:11,0,98,81
BRDA:11,0,99,81
BRDA:11,0,100,70
BRDA:11,0,101,70
BRDA:11,0,102,75
BRDA:11,0,103,75
BRDA:11,0,104,78
BRDA:11,0,105,78
BRDA:11,0,106,76
BRDA:11,0,107,76
BRDA:11,0,108,72
BRDA:11,0,109,72
BRDA:11,0,110,77
BRDA:11,0,111,77
BRDA:11,0,112,74
BRDA:11,0,113,74
BRDA:11,0,114,73
BRDA:11,0,115,73
BRDA:11,0,116,73
BRDA:11,0,117,73
BRDA:11,0,118,80
BRDA:11,0,119,80
BRDA:11,0,120,71
BRDA:11,0,121,71
BRDA:11,0,122,78
BRDA:11,0,123,78
BRDA:11,0,124,69
BRDA:11,0,125,69
BRDA:11,0,126,74
BRDA:11,0,127,74
BRDA:11,0,128,75
BRDA:11,0,129,75
BRDA:11,0,130,73
BRDA:11,0,131,73
BRDA:11,0,132,76
BRDA:11,0,133,76
BRDA:11,0,134,76
BRDA:11,0,135,76
BRDA:11,0,136,72
BRDA:11,0,137,72
BRDA:11,0,138,74
BRDA:11,0,139,74
BRDA:11,0,140,73
BRDA:11,0,141,73
BRDA:11,0,142,75
BRDA:11,0,143,75
BRDA:11,0,144,84
BRDA:11,0,145,84
BRDA:11,0,146,72
BRDA:11,0,147,72
BRDA:11,0,148,80
BRDA:11,0,149,80
BRDA:11,0,150,74
BRDA:11,0,151,74
BRDA:11,0,152,72
BRDA:11,0,153,72
BRDA:11,0,154,71
BRDA:11,0,155,71
BRDA:11,0,156,70
BRDA:11,0,157,70
BRDA:11,0,158,64
BRDA:11,0,159,64
BRDA:11,0,160,70
BRDA:11,0,161,70
BRDA:11,0,162,70
BRDA:11,0,163,70
BRDA:11,0,164,71
BRDA:11,0,165,71
BRDA:11,0,166,73
BRDA:11,0,167,73
BRDA:11,0,168,77
BRDA:11,0,169,77
BRDA:11,0,170,78
BRDA:11,0,171,78
BRDA:11,0,172,73
BRDA:11,0,173,73
BRDA:11,0,174,76
BRDA:11,0,175,76
BRDA:11,0,176,69969
BRDA:11,0,177,69969
BRDA:11,0,178,69689
BRDA:11,0,179,69689
BRDA:11,0,180,69668
BRDA:11,0,181,69668
BRDA:11,0,182,69798
BRDA:11,0,183,69798
BRDA:11,0,184,4203
BRDA:11,0,185,4203
BRDA:11,0,186,4188
BRDA:11,0,187,4188
BRDA:11,0,188,4153
BRDA:11,0,189,4153
BRDA:11,0,190,4143
BRDA:11,0,191,4143
BRDA:11,0,192,69
BRDA:11,0,193,69
BRDA:11,0,194,75
BRDA:11,0,195,75
BRDA:11,0,196,77
BRDA:11,0,197,77
BRDA:11,0,198,77
BRDA:11,0,199,77
BRDA:11,0,200,73
BRDA:11,0,201,73
BRDA:11,0,202,78
BRDA:11,0,203,78
BRDA:11,0,204,77
BRDA:11,0,205,77
BRDA:11,0,206,76
BRDA:11,0,207,76
BRDA:11,0,208,78
BRDA:11,0,209,78
BRDA:11,0,210,77
BRDA:11,0,211,77
BRDA:11,0,212,73
BRDA:11,0,213,73
BRDA:11,0,214,68
BRDA:11,0,215,68
BRDA:11,0,216,73
BRDA:11,0,217,73
BRDA:11,0,218,70
BRDA:11,0,219,70
BRDA:11,0,220,68
BRDA:11,0,221,68
BRDA:11,0,222,75
BRDA:11,0,223,75
BRDA:11,0,224,77
BRDA:11,0,225,77
BRDA:11,0,226,85
BRDA:11,0,227,85
BRDA:11,0,228,75
BRDA:11,0,229,75
BRDA:11,0,230,73
BRDA:11,0,231,73
BRDA:11,0,232,77
BRDA:11,0,233,77
BRDA:11,0,234,65
BRDA:11,0,235,65
BRDA:11,0,236,73
BRDA:11,0,237,73
BRDA:11,0,238,74
BRDA:11,0,239,74
BRDA:11,0,240,74
BRDA:11,0,241,74
BRDA:11,0,242,70
BRDA:11,0,243,70
BRDA:11,0,244,80
BRDA:11,0,245,80
BRDA:11,0,246,74
BRDA:11,0,247,74
BRDA:11,0,248,78
BRDA:11,0,249,78
BRDA:11,0,250,79
BRDA:11,0,251,79
BRDA:11,0,252,70
BRDA:11,0,253,70
BRDA:11,0,254,73
BRDA:11,0,255,73
BRDA:11,0,256,82
BRDA:11,0,257,82
BRDA:11,0,258,77
BRDA:11,0,259,77
BRDA:11,0,260,76
BRDA:11,0,261,76
BRDA:11,0,262,74
BRDA:11,0,263,74
BRDA:11,0,264,71
BRDA:11,0,265,71
BRDA:11,0,266,70
BRDA:11,0,267,70
BRDA:11,0,268,74
BRDA:11,0,269,74
BRDA:11,0,270,72
BRDA:11,0,271,72
BRDA:11,0,272,74
BRDA:11,0,273,74
BRDA:11,0,274,83
BRDA:11,0,275,83
BRDA:11,0,276,80
BRDA:11,0,277,80
BRDA:11,0,278,78
BRDA:11,0,279,78
BRDA:11,0,280,74
BRDA:11,0,281,74
BRDA:11,0,282,73
BRDA:11,0,283,73
BRDA:11,0,284,78
BRDA:11,0,285,78
BRDA:11,0,286,80
BRDA:11,0,287,80
BRDA:11,0,288,76
BRDA:11,0,289,76
BRDA:11,0,290,71
BRDA:11,0,291,71
BRDA:11,0,292,75
BRDA:11,0,293,75
BRDA:11,0,294,82
BRDA:11,0,295,82
BRDA:11,0,296,76
BRDA:11,0,297,76
BRDA:11,0,298,75
BRDA:11,0,299,75
BRDA:11,0,300,73
BRDA:11,0,301,73
BRDA:11,0,302,69
BRDA:11,0,303,69
BRDA:11,0,304,67
BRDA:11,0,305,67
BRDA:11,0,306,71
BRDA:11,0,307,71
BRDA:11,0,308,77
BRDA:11,0,309,77
BRDA:11,0,310,70
BRDA:11,0,311,70
BRDA:11,0,312,82
BRDA:11,0,313,82
BRDA:11,0,314,68
BRDA:11,0,315,68
BRDA:11,0,316,74
BRDA:11,0,317,74
BRDA:11,0,318,76
BRDA:11,0,319,76
BRDA:11,0,320,75
BRDA:11,0,321,75
BRDA:11,0,322,72
BRDA:11,0,323,72
BRDA:11,0,324,78
BRDA:11,0,325,78
BRDA:11,0,326,74
BRDA:11,0,327,74
BRDA:11,0,328,78
BRDA:11,0,329,78
BRDA:11,0,330,78
BRDA:11,0,331,78
BRDA:11,0,332,74
BRDA:11,0,333,74
BRDA:11,0,334,80
BRDA:11,0,335,80
BRDA:11,0,336,75
BRDA:11,0,337,75
BRDA:11,0,338,70
BRDA:11,0,339,70
BRDA:11,0,340,78
BRDA:11,0,341,78
BRDA:11,0,342,75
BRDA:11,0,343,75
BRDA:11,0,344,79
BRDA:11,0,345,79
BRDA:11,0,346,72
BRDA:11,0,347,72
BRDA:11,0,348,71
BRDA:11,0,349,71
BRDA:11,0,350,77
BRDA:11,0,351,77
BRDA:11,0,352,69887
BRDA:11,0,353,69887
BRDA:11,0,354,69788
BRDA:11,0,355,69788
BRDA:11,0,356,69603
BRDA:11,0,357,69603
BRDA:11,0,358,69691
BRDA:11,0,359,69691
BRDA:11,0,360,4102
BRDA:11,0,361,4102
BRDA:11,0,362,4168
BRDA:11,0,363,4168
BRDA:11,0,364,4205
BRDA:11,0,365,4205
BRDA:11,0,366,4203
BRDA:11,0,367,4203
BRDA:11,0,368,88
BRDA:11,0,369,88
BRDA:11,0,370,75
BRDA:11,0,371,75
BRDA:11,0,372,73
BRDA:11,0,373,73
BRDA:11,0,374,81
BRDA:11,0,375,81
BRDA:11,0,376,67
BRDA:11,0,377,67
BRDA:11,0,378,83
BRDA:11,0,379,83
BRDA:11,0,380,70
BRDA:11,0,381,70
BRDA:11,0,382,78
BRDA:11,0,383,78
BRDA:11,0,384,75
BRDA:11,0,385,75
BRDA:11,0,386,62
BRDA:11,0,387,62
BRDA:11,0,388,76
BRDA:11,0,389,76
BRDA:11,0,390,74
BRDA:11,0,391,74
BRDA:11,0,392,76
BRDA:11,0,393,76
BRDA:11,0,394,76
BRDA:11,0,395,76
BRDA:11,0,396,82
BRDA:11,0,397,82
BRDA:11,0,398,74
BRDA:11,0,399,74
BRDA:11,0,400,69514
BRDA:11,0,401,69514
BRDA:11,0,402,69707
BRDA:11,0,403,69707
BRDA:11,0,404,69709
BRDA:11,0,405,69709
BRDA:11,0,406,69754
BRDA:11,0,407,69754
BRDA:11,0,408,4168
BRDA:11,0,409,4168
BRDA:11,0,410,4274
BRDA:11,0,411,4274
BRDA:11,0,412,4192
BRDA:11,0,413,4192
BRDA:11,0,414,4220
BRDA:11,0,415,4220
BRDA:11,0,416,65509
BRDA:11,0,417,65509
BRDA:11,0,418,65636
BRDA:11,0,419,65636
BRDA:11,0,420,65666
BRDA:11,0,421,65666
BRDA:11,0,422,65759
BRDA:11,0,423,65759
BRDA:11,0,424,77
BRDA:11,0,425,77
BRDA:11,0,426,75
BRDA:11,0,427,75
BRDA:11,0,428,64
BRDA:11,0,429,64
BRDA:11,0,430,77
BRDA:11,0,431,77
BRDA:11,0,432,65435
BRDA:11,0,433,65435
BRDA:11,0,434,65785
BRDA:11,0,435,65785
BRDA:11,0,436,65568
BRDA:11,0,437,65568
BRDA:11,0,438,65772
BRDA:11,0,439,65772
BRDA:11,0,440,73
BRDA:11,0,441,73
BRDA:11,0,442,71
BRDA:11,0,443,71
BRDA:11,0,444,69
BRDA:11,0,445,69
BRDA:11,0,446,74
BRDA:11,0,447,74
BRDA:11,0,448,65560
BRDA:11,0,449,65560
BRDA:11,0,450,65720
BRDA:11,0,451,65720
BRDA:11,0,452,65391
BRDA:11,0,453,65391
BRDA:11,0,454,65594
BRDA:11,0,455,65594
BRDA:11,0,456,68
BRDA:11,0,457,68
BRDA:11,0,458,71
BRDA:11,0,459,71
BRDA:11,0,460,78
BRDA:11,0,461,78
BRDA:11,0,462,74
BRDA:11,0,463,74
BRDA:11,0,464,65794
BRDA:11,0,465,65794
BRDA:11,0,466,65623
BRDA:11,0,467,65623
BRDA:11,0,468,65562
BRDA:11,0,469,65562
BRDA:11,0,470,65524
BRDA:11,0,471,65524
BRDA:11,0,472,82
BRDA:11,0,473,82
BRDA:11,0,474,83
BRDA:11,0,475,83
BRDA:11,0,476,82
BRDA:11,0,477,82
BRDA:11,0,478,73
BRDA:11,0,479,73
BRDA:11,0,480,65599
BRDA:11,0,481,65599
BRDA:11,0,482,65687
BRDA:11,0,483,65687
BRDA:11,0,484,65619
BRDA:11,0,485,65619
BRDA:11,0,486,65665
BRDA:11,0,487,65665
BRDA:11,0,488,60
BRDA:11,0,489,60
BRDA:11,0,490,71
BRDA:11,0,491,71
BRDA:11,0,492,78
BRDA:11,0,493,78
BRDA:11,0,494,76
BRDA:11,0,495,76
BRDA:11,0,496,65540
BRDA:11,0,497,65540
BRDA:11,0,498,65718
BRDA:11,0,499,65718
BRDA:11,0,500,65294
BRDA:11,0,501,65294
BRDA:11,0,502,65609
BRDA:11,0,503,65609
BRDA:11,0,504,73
BRDA:11,0,505,73
BRDA:11,0,506,72
BRDA:11,0,507,72
BRDA:11,0,508,78
BRDA:11,0,509,78
BRDA:11,0,510,72
BRDA:11,0,511,72
DA:12,70614
BRDA:12,0,0,70546
BRDA:12,0,1,70545
BRDA:12,0,2,70614
BRDA:12,0,3,70613
BRDA:12,0,4,70381
BRDA:12,0,5,70381
BRDA:12,0,6,70480
BRDA:12,0,7,70479
BRDA:12,0,8,69883
BRDA:12,0,9,69882
BRDA:12,0,10,81
BRDA:12,0,11,80
BRDA:12,0,12,79
BRDA:12,0,13,78
BRDA:12,0,14,76
BRDA:12,0,15,75
BRDA:12,0,16,65610
BRDA:12,0,17,65610
BRDA:12,0,18,65662
BRDA:12,0,19,65662
BRDA:12,0,20,65526
BRDA:12,0,21,65526
BRDA:12,0,22,65616
BRDA:12,0,23,65616
BRDA:12,0,24,65372
BRDA:12,0,25,65372
BRDA:12,0,26,77
BRDA:12,0,27,77
BRDA:12,0,28,75
BRDA:12,0,29,75
BRDA:12,0,30,63
BRDA:12,0,31,63
BRDA:12,0,32,65478
BRDA:12,0,33,65478
BRDA:12,0,34,65654
BRDA:12,0,35,65654
BRDA:12,0,36,65657
BRDA:12,0,37,65657
BRDA:12,0,38,65642
BRDA:12,0,39,65642
BRDA:12,0,40,65491
BRDA:12,0,41,65491
BRDA:12,0,42,76
BRDA:12,0,43,76
BRDA:12,0,44,82
BRDA:12,0,45,82
BRDA:12,0,46,72
BRDA:12,0,47,72
BRDA:12,0,48,84
BRDA:12,0,49,84
BRDA:12,0,50,76
BRDA:12,0,51,76
BRDA:12,0,52,72
BRDA:12,0,53,72
BRDA:12,0,54,73
BRDA:12,0,55,73
BRDA:12,0,56,71
BRDA:12,0,57,71
BRDA:12,0,58,79
BRDA:12,0,59,79
BRDA:12,0,60,76
BRDA:12,0,61,76
BRDA:12,0,62,75
BRDA:12,0,63,75
BRDA:12,0,64,74
BRDA:12,0,65,74
BRDA:12,0,66,69
BRDA:12,0,67,69
BRDA:12,0,68,71
BRDA:12,0,69,71
BRDA:12,0,70,65
BRDA:12,0,71,65
BRDA:12,0,72,75
BRDA:12,0,73,75
BRDA:12,0,74,77
BRDA:12,0,75,77
BRDA:12,0,76,72
BRDA:12,0,77,72
BRDA:12,0,78,79
BRDA:12,0,79,79
BRDA:12,0,80,77
BRDA:12,0,81,77
BRDA:12,0,82,72
BRDA:12,0,83,72
BRDA:12,0,84,77
BRDA:12,0,85,77
BRDA:12,0,86,83
BRDA:12,0,87,83
BRDA:12,0,88,70
BRDA:12,0,89,70
BRDA:12,0,90,79
BRDA:12,0,91,79
BRDA:12,0,92,70
BRDA:12,0,93,70
BRDA:12,0,94,81
BRDA:12,0,95,81
BRDA:12,0,96,75
BRDA:12,0,97,75
BRDA:12,0,98,67
BRDA:12,0,99,67
BRDA:12,0,100,84
BRDA:12,0,101,84
BRDA:12,0,102,75
BRDA:12,0,103,75
BRDA:12,0,104,69
BRDA:12,0,105,69
BRDA:12,0,106,72
BRDA:12,0,107,72
BRDA:12,0,108,72
BRDA:12,0,109,72
BRDA:12,0,110,77
BRDA:12,0,111,77
BRDA:12,0,112,80
BRDA:12,0,113,80
BRDA:12,0,114,72
BRDA:12,0,115,72
BRDA:12,0,116,71
BRDA:12,0,117,71
BRDA:12,0,118,76
BRDA:12,0,119,76
BRDA:12,0,120,67
BRDA:12,0,121,67
BRDA:12,0,122,68
BRDA:12,0,123,68
BRDA:12,0,124,78
BRDA:12,0,125,78
BRDA:12,0,126,74
BRDA:12,0,127,74
BRDA:12,0,128,74
BRDA:12,0,129,74
BRDA:12,0,130,80
BRDA:12,0,131,80
BRDA:12,0,132,74
BRDA:12,0,133,74
BRDA:12,0,134,76
BRDA:12,0,135,76
BRDA:12,0,136,65
BRDA:12,0,137,65
BRDA:12,0,138,79
BRDA:12,0,139,79
BRDA:12,0,140,72
BRDA:12,0,141,72
BRDA:12,0,142,79
BRDA:12,0,143,79
BRDA:12,0,144,80
BRDA:12,0,145,80
BRDA:12,0,146,73
BRDA:12,0,147,73
BRDA:12,0,148,75
BRDA:12,0,149,75
BRDA:12,0,150,74
BRDA:12,0,151,74
BRDA:12,0,152,64
BRDA:12,0,153,64
BRDA:12,0,154,70
BRDA:12,0,155,70
BRDA:12,0,156,76
BRDA:12,0,157,76
BRDA:12,0,158,78
BRDA:12,0,159,78
BRDA:12,0,160,76
BRDA:12,0,161,76
BRDA:12,0,162,79
BRDA:12,0,163,79
BRDA:12,0,164,71
BRDA:12,0,165,71
BRDA:12,0,166,84
BRDA:12,0,167,84
BRDA:12,0,168,72
BRDA:12,0,169,72
BRDA:12,0,170,70
BRDA:12,0,171,70
BRDA:12,0,172,71
BRDA:12,0,173,71
BRDA:12,0,174,70
BRDA:12,0,175,70
BRDA:12,0,176,70143
BRDA:12,0,177,70143
BRDA:12,0,178,70406
BRDA:12,0,179,70406
BRDA:12,0,180,70169
BRDA:12,0,181,70169
BRDA:12,0,182,69960
BRDA:12,0,183,69960
BRDA:12,0,184,69850
BRDA:12,0,185,69850
BRDA:12,0,186,82
BRDA:12,0,187,82
BRDA:12,0,188,67
BRDA:12,0,189,67
BRDA:12,0,190,72
BRDA:12,0,191,72
BRDA:12,0,192,75
BRDA:12,0,193,75
BRDA:12,0,194,71
BRDA:12,0,195,71
BRDA:12,0,196,77
BRDA:12,0,197,77
BRDA:12,0,198,64
BRDA:12,0,199,64
BRDA:12,0,200,70
BRDA:12,0,201,70
BRDA:12,0,202,81
BRDA:12,0,203,81
BRDA:12,0,204,68
BRDA:12,0,205,68
BRDA:12,0,206,80
BRDA:12,0,207,80
BRDA:12,0,208,72
BRDA:12,0,209,72
BRDA:12,0,210,77
BRDA:12,0,211,77
BRDA:12,0,212,82
BRDA:12,0,213,82
BRDA:12,0,214,72
BRDA:12,0,215,72
BRDA:12,0,216,75
BRDA:12,0,217,75
BRDA:12,0,218,75
BRDA:12,0,219,75
BRDA:12,0,220,81
BRDA:12,0,221,81
BRDA:12,0,222,72
BRDA:12,0,223,72
BRDA:12,0,224,70
BRDA:12,0,225,70
BRDA:12,0,226,75
BRDA:12,0,227,75
BRDA:12,0,228,73
BRDA:12,0,229,73
BRDA:12,0,230,72
BRDA:12,0,231,72
BRDA:12,0,232,76
BRDA:12,0,233,76
BRDA:12,0,234,73
BRDA:12,0,235,73
BRDA:12,0,236,70
BRDA:12,0,237,70
BRDA:12,0,238,83
BRDA:12,0,239,83
BRDA:12,0,240,70
BRDA:12,0,241,70
BRDA:12,0,242,72
BRDA:12,0,243,72
BRDA:12,0,244,76
BRDA:12,0,245,76
BRDA:12,0,246,83
BRDA:12,0,247,83
BRDA:12,0,248,70
BRDA:12,0,249,70
BRDA:12,0,250,68
BRDA:12,0,251,68
BRDA:12,0,252,74
BRDA:12,0,253,74
BRDA:12,0,254,73
BRDA:12,0,255,73
BRDA:12,0,256,80
BRDA:12,0,257,80
BRDA:12,0,258,73
BRDA:12,0,259,73
BRDA:12,0,260,70
BRDA:12,0,261,70
BRDA:12,0,262,73
BRDA:12,0,263,73
BRDA:12,0,264,71
BRDA:12,0,265,71
BRDA:12,0,266,73
BRDA:12,0,267,73
BRDA:12,0,268,67
BRDA:12,0,269,67
BRDA:12,0,270,73
BRDA:12,0,271,73
BRDA:12,0,272,70
BRDA:12,0,273,70
BRDA:12,0,274,71
BRDA:12,0,275,71
BRDA:12,0,276,77
BRDA:12,0,277,77
BRDA:12,0,278,72
BRDA:12,0,279,72
BRDA:12,0,280,72
BRDA:12,0,281,72
BRDA:12,0,282,72
BRDA:12,0,283,72
BRDA:12,0,284,79
BRDA:12,0,285,79
BRDA:12,0,286,75
BRDA:12,0,287,75
BRDA:12,0,288,71
BRDA:12,0,289,71
BRDA:12,0,290,72
BRDA:12,0,291,72
BRDA:12,0,292,73
BRDA:12,0,293,73
BRDA:12,0,294,72
BRDA:12,0,295,72
BRDA:12,0,296,71
BRDA:12,0,297,71
BRDA:12,0,298,69
BRDA:12,0,299,69
BRDA:12,0,300,70
BRDA:12,0,301,70
BRDA:12,0,302,69
BRDA:12,0,303,69
BRDA:12,0,304,81
BRDA:12,0,305,81
BRDA:12,0,306,81
BRDA:12,0,307,81
BRDA:12,0,308,71
BRDA:12,0,309,71
BRDA:12,0,310,74
BRDA:12,0,311,74
BRDA:12,0,312,68
BRDA:12,0,313,68
BRDA:12,0,314,74
BRDA:12,0,315,74
BRDA:12,0,316,79
BRDA:12,0,317,79
BRDA:12,0,318,70
BRDA:12,0,319,70
BRDA:12,0,320,71
BRDA:12,0,321,71
BRDA:12,0,322,72
BRDA:12,0,323,72
BRDA:12,0,324,71
BRDA:12,0,325,71
BRDA:12,0,326,76
BRDA:12,0,327,76
BRDA:12,0,328,76
BRDA:12,0,329,76
BRDA:12,0,330,81
BRDA:12,0,331,81
BRDA:12,0,332,76
BRDA:12,0,333,76
BRDA:12,0,334,73
BRDA:12,0,335,73
BRDA:12,0,336,79
BRDA:12,0,337,79
BRDA:12,0,338,74
BRDA:12,0,339,74
BRDA:12,0,340,71
BRDA:12,0,341,71
BRDA:12,0,342,71
BRDA:12,0,343,71
BRDA:12,0,344,75
BRDA:12,0,345,75
BRDA:12,0,346,68
BRDA:12,0,347,68
BRDA:12,0,348,63
BRDA:12,0,349,63
BRDA:12,0,350,76
BRDA:12,0,351,76
BRDA:12,0,352,70174
BRDA:12,0,353,70174
BRDA:12,0,354,70234
BRDA:12,0,355,70234
BRDA:12,0,356,69940
BRDA:12,0,357,69940
BRDA:12,0,358,69851
BRDA:12,0,359,69851
BRDA:12,0,360,69717
BRDA:12,0,361,69717
BRDA:12,0,362,75
BRDA:12,0,363,75
BRDA:12,0,364,73
BRDA:12,0,365,73
BRDA:12,0,366,77
BRDA:12,0,367,77
BRDA:12,0,368,79
BRDA:12,0,369,79
BRDA:12,0,370,75
BRDA:12,0,371,75
BRDA:12,0,372,73
BRDA:12,0,373,73
BRDA:12,0,374,71
BRDA:12,0,375,71
BRDA:12,0,376,64
BRDA:12,0,377,64
BRDA:12,0,378,71
BRDA:12,0,379,71
BRDA:12,0,380,69
BRDA:12,0,381,69
BRDA:12,0,382,71
BRDA:12,0,383,71
BRDA:12,0,384,82
BRDA:12,0,385,82
BRDA:12,0,386,76
BRDA:12,0,387,76
BRDA:12,0,388,69
BRDA:12,0,389,69
BRDA:12,0,390,74
BRDA:12,0,391,74
BRDA:12,0,392,70
BRDA:12,0,393,70
BRDA:12,0,394,78
BRDA:12,0,395,78
BRDA:12,0,396,71
BRDA:12,0,397,71
BRDA:12,0,398,83
BRDA:12,0,399,83
BRDA:12,0,400,70171
BRDA:12,0,401,70171
BRDA:12,0,402,70336
BRDA:12,0,403,70336
BRDA:12,0,404,70165
BRDA:12,0,405,70165
BRDA:12,0,406,69860
BRDA:12,0,407,69860
BRDA:12,0,408,69373
BRDA:12,0,409,69373
BRDA:12,0,410,76
BRDA:12,0,411,76
BRDA:12,0,412,69
BRDA:12,0,413,69
BRDA:12,0,414,78
BRDA:12,0,415,78
BRDA:12,0,416,66057
BRDA:12,0,417,66057
BRDA:12,0,418,65793
BRDA:12,0,419,65793
BRDA:12,0,420,65696
BRDA:12,0,421,65696
BRDA:12,0,422,65507
BRDA:12,0,423,65507
BRDA:12,0,424,65388
BRDA:12,0,425,65388
BRDA:12,0,426,78
BRDA:12,0,427,78
BRDA:12,0,428,77
BRDA:12,0,429,77
BRDA:12,0,430,76
BRDA:12,0,431,76
BRDA:12,0,432,65620
BRDA:12,0,433,65620
BRDA:12,0,434,65771
BRDA:12,0,435,65771
BRDA:12,0,436,65736
BRDA:12,0,437,65736
BRDA:12,0,438,65632
BRDA:12,0,439,65632
BRDA:12,0,440,65530
BRDA:12,0,441,65530
BRDA:12,0,442,72
BRDA:12,0,443,72
BRDA:12,0,444,76
BRDA:12,0,445,76
BRDA:12,0,446,68
BRDA:12,0,447,68
BRDA:12,0,448,65992
BRDA:12,0,449,65992
BRDA:12,0,450,65969
BRDA:12,0,451,65969
BRDA:12,0,452,65507
BRDA:12,0,453,65507
BRDA:12,0,454,65699
BRDA:12,0,455,65699
BRDA:12,0,456,65627
BRDA:12,0,457,65627
BRDA:12,0,458,77
BRDA:12,0,459,77
BRDA:12,0,460,69
BRDA:12,0,461,69
BRDA:12,0,462,75
BRDA:12,0,463,75
BRDA:12,0,464,65671
BRDA:12,0,465,65671
BRDA:12,0,466,65894
BRDA:12,0,467,65894
BRDA:12,0,468,65679
BRDA:12,0,469,65679
BRDA:12,0,470,65551
BRDA:12,0,471,65551
BRDA:12,0,472,65522
BRDA:12,0,473,65522
BRDA:12,0,474,71
BRDA:12,0,475,71
BRDA:12,0,476,76
BRDA:12,0,477,76
BRDA:12,0,478,85
BRDA:12,0,479,85
BRDA:12,0,480,65700
BRDA:12,0,481,65700
BRDA:12,0,482,65729
BRDA:12,0,483,65729
BRDA:12,0,484,65582
BRDA:12,0,485,65582
BRDA:12,0,486,65516
BRDA:12,0,487,65516
BRDA:12,0,488,65384
BRDA:12,0,489,65384
BRDA:12,0,490,71
BRDA:12,0,491,71
BRDA:12,0,492,72
BRDA:12,0,493,72
BRDA:12,0,494,76
BRDA:12,0,495,76
BRDA:12,0,496,65684
BRDA:12,0,497,65684
BRDA:12,0,498,65571
BRDA:12,0,499,65571
BRDA:12,0,500,65700
BRDA:12,0,501,65700
BRDA:12,0,502,65647
BRDA:12,0,503,65647
BRDA:12,0,504,65452
BRDA:12,0,505,65452
BRDA:12,0,506,67
BRDA:12,0,507,67
BRDA:12,0,508,74
BRDA:12,0,509,74
BRDA:12,0,510,71
BRDA:12,0,511,71
DA:13,110
BRDA:13,0,0,110
BRDA:13,0,1,110
DA:14,109
BRDA:14,0,0,109
BRDA:14,0,1,109
DA:15,70631
BRDA:15,0,0,70530
BRDA:15,0,1,70529
BRDA:15,0,2,47715
BRDA:15,0,3,47714
BRDA:15,0,4,16399
BRDA:15,0,5,16398
BRDA:15,0,6,4205
BRDA:15,0,7,4204
BRDA:15,0,8,4205
BRDA:15,0,9,4204
BRDA:15,0,10,4204
BRDA:15,0,11,4203
BRDA:15,0,12,4209
BRDA:15,0,13,4208
BRDA:15,0,14,4213
BRDA:15,0,15,4212
BRDA:15,0,16,4209
BRDA:15,0,17,4208
BRDA:15,0,18,4209
BRDA:15,0,19,4208
BRDA:15,0,20,4208
BRDA:15,0,21,4207
BRDA:15,0,22,70579
BRDA:15,0,23,70578
BRDA:15,0,24,4208
BRDA:15,0,25,4207
BRDA:15,0,26,70631
BRDA:15,0,27,70630
BRDA:15,0,28,70533
BRDA:15,0,29,70532
BRDA:15,0,30,70401
BRDA:15,0,31,70400
BRDA:15,0,32,70160
BRDA:15,0,33,70159
BRDA:15,0,34,70387
BRDA:15,0,35,70387
BRDA:15,0,36,70149
BRDA:15,0,37,70148
BRDA:15,0,38,70022
BRDA:15,0,39,70021
BRDA:15,0,40,69289
BRDA:15,0,41,69288
DA:24,110
BRDA:24,0,0,110
BRDA:24,0,1,110
BRDA:24,0,2,110
BRDA:24,0,3,110
BRDA:24,0,4,110
BRDA:24,0,5,110
BRDA:24,0,6,110
BRDA:24,0,7,110
BRDA:24,0,8,109
BRDA:24,0,9,109
BRDA:24,0,10,109
BRDA:24,0,11,109
DA:32,282647
DA:33,9044704
BRDA:33,0,0,282647
BRDA:33,0,1,9044704
DA:34,9044704
DA:39,4239705
BRDA:39,0,0,4239705
BRDA:39,0,1,0
DA:42,4522352
BRDA:42,0,0,4522352
BRDA:42,0,1,4239705
DA:43,8762057
DA:45,4522352
BRDA:45,0,0,4522352
BRDA:45,0,1,4239705
DA:46,4522352
DA:48,4239705
DA:49,4239705
DA:55,282647
DA:57,282647
BRDA:57,0,0,0
BRDA:57,0,1,282647
DA:60,1130588
DA:62,1130588
BRDA:62,0,0,0
BRDA:62,0,1,1130588
DA:63,0
DA:72,282647
DA:73,282640
BRDA:73,0,0,7
BRDA:73,0,1,282640
DA:74,7
DA:75,282640
DA:76,282640
DA:77,1413200
BRDA:77,0,0,282640
BRDA:77,0,1,1413200
DA:78,1413200
BRF:1102
BRH:1096
end_of_record
SF:/home/matheus/Documentos/CNN/CNN/testbenchs/DOT/testbench.sv
DA:14,282647
BRDA:14,0,0,282647
BRDA:14,0,1,282647
BRDA:14,0,2,3
BRDA:14,0,3,3
BRDA:14,0,4,110
BRDA:14,0,5,110
BRDA:14,0,6,109
BRDA:14,0,7,109
DA:15,71529
BRDA:15,0,0,71529
BRDA:15,0,1,71528
BRDA:15,0,2,70195
BRDA:15,0,3,70195
BRDA:15,0,4,70103
BRDA:15,0,5,70102
BRDA:15,0,6,69621
BRDA:15,0,7,69620
BRDA:15,0,8,4202
BRDA:15,0,9,4202
BRDA:15,0,10,4199
BRDA:15,0,11,4199
BRDA:15,0,12,4160
BRDA:15,0,13,4160
BRDA:15,0,14,4186
BRDA:15,0,15,4186
BRDA:15,0,16,65728
BRDA:15,0,17,65728
BRDA:15,0,18,65618
BRDA:15,0,19,65618
BRDA:15,0,20,65513
BRDA:15,0,21,65513
BRDA:15,0,22,65577
BRDA:15,0,23,65577
BRDA:15,0,24,71
BRDA:15,0,25,71
BRDA:15,0,26,75
BRDA:15,0,27,75
BRDA:15,0,28,83
BRDA:15,0,29,83
BRDA:15,0,30,82
BRDA:15,0,31,82
BRDA:15,0,32,65710
BRDA:15,0,33,65710
BRDA:15,0,34,65581
BRDA:15,0,35,65581
BRDA:15,0,36,65455
BRDA:15,0,37,65455
BRDA:15,0,38,65614
BRDA:15,0,39,65614
BRDA:15,0,40,75
BRDA:15,0,41,75
BRDA:15,0,42,82
BRDA:15,0,43,82
BRDA:15,0,44,76
BRDA:15,0,45,76
BRDA:15,0,46,68
BRDA:15,0,47,68
BRDA:15,0,48,75
BRDA:15,0,49,75
BRDA:15,0,50,71
BRDA:15,0,51,71
BRDA:15,0,52,77
BRDA:15,0,53,77
BRDA:15,0,54,75
BRDA:15,0,55,75
BRDA:15,0,56,71
BRDA:15,0,57,71
BRDA:15,0,58,75
BRDA:15,0,59,75
BRDA:15,0,60,83
BRDA:15,0,61,83
BRDA:15,0,62,79
BRDA:15,0,63,79
BRDA:15,0,64,74
BRDA:15,0,65,74
BRDA:15,0,66,71
BRDA:15,0,67,71
BRDA:15,0,68,75
BRDA:15,0,69,75
BRDA:15,0,70,79
BRDA:15,0,71,79
BRDA:15,0,72,69
BRDA:15,0,73,69
BRDA:15,0,74,73
BRDA:15,0,75,73
BRDA:15,0,76,74
BRDA:15,0,77,74
BRDA:15,0,78,69
BRDA:15,0,79,69
BRDA:15,0,80,69
BRDA:15,0,81,69
BRDA:15,0,82,73
BRDA:15,0,83,73
BRDA:15,0,84,72
BRDA:15,0,85,72
BRDA:15,0,86,70
BRDA:15,0,87,70
BRDA:15,0,88,72
BRDA:15,0,89,72
BRDA:15,0,90,74
BRDA:15,0,91,74
BRDA:15,0,92,78
BRDA:15,0,93,78
BRDA:15,0,94,69
BRDA:15,0,95,69
BRDA:15,0,96,72
BRDA:15,0,97,72
BRDA:15,0,98,81
BRDA:15,0,99,81
BRDA:15,0,100,70
BRDA:15,0,101,70
BRDA:15,0,102,75
BRDA:15,0,103,75
BRDA:15,0,104,78
BRDA:15,0,105,78
BRDA:15,0,106,76
BRDA:15,0,107,76
BRDA:15,0,108,72
BRDA:15,0,109,72
BRDA:15,0,110,77
BRDA:15,0,111,77
BRDA:15,0,112,74
BRDA:15,0,113,74
BRDA:15,0,114,73
BRDA:15,0,115,73
BRDA:15,0,116,73
BRDA:15,0,117,73
BRDA:15,0,118,80
BRDA:15,0,119,80
BRDA:15,0,120,71
BRDA:15,0,121,71
BRDA:15,0,122,78
BRDA:15,0,123,78
BRDA:15,0,124,69
BRDA:15,0,125,69
BRDA:15,0,126,74
BRDA:15,0,127,74
BRDA:15,0,128,75
BRDA:15,0,129,75
BRDA:15,0,130,73
BRDA:15,0,131,73
BRDA:15,0,132,76
BRDA:15,0,133,76
BRDA:15,0,134,76
BRDA:15,0,135,76
BRDA:15,0,136,72
BRDA:15,0,137,72
BRDA:15,0,138,74
BRDA:15,0,139,74
BRDA:15,0,140,73
BRDA:15,0,141,73
BRDA:15,0,142,75
BRDA:15,0,143,75
BRDA:15,0,144,84
BRDA:15,0,145,84
BRDA:15,0,146,72
BRDA:15,0,147,72
BRDA:15,0,148,80
BRDA:15,0,149,80
BRDA:15,0,150,74
BRDA:15,0,151,74
BRDA:15,0,152,72
BRDA:15,0,153,72
BRDA:15,0,154,71
BRDA:15,0,155,71
BRDA:15,0,156,70
BRDA:15,0,157,70
BRDA:15,0,158,64
BRDA:15,0,159,64
BRDA:15,0,160,70
BRDA:15,0,161,70
BRDA:15,0,162,70
BRDA:15,0,163,70
BRDA:15,0,164,71
BRDA:15,0,165,71
BRDA:15,0,166,73
BRDA:15,0,167,73
BRDA:15,0,168,77
BRDA:15,0,169,77
BRDA:15,0,170,78
BRDA:15,0,171,78
BRDA:15,0,172,73
BRDA:15,0,173,73
BRDA:15,0,174,76
BRDA:15,0,175,76
BRDA:15,0,176,69969
BRDA:15,0,177,69969
BRDA:15,0,178,69689
BRDA:15,0,179,69689
BRDA:15,0,180,69668
BRDA:15,0,181,69668
BRDA:15,0,182,69798
BRDA:15,0,183,69798
BRDA:15,0,184,4203
BRDA:15,0,185,4203
BRDA:15,0,186,4188
BRDA:15,0,187,4188
BRDA:15,0,188,4153
BRDA:15,0,189,4153
BRDA:15,0,190,4143
BRDA:15,0,191,4143
BRDA:15,0,192,69
BRDA:15,0,193,69
BRDA:15,0,194,75
BRDA:15,0,195,75
BRDA:15,0,196,77
BRDA:15,0,197,77
BRDA:15,0,198,77
BRDA:15,0,199,77
BRDA:15,0,200,73
BRDA:15,0,201,73
BRDA:15,0,202,78
BRDA:15,0,203,78
BRDA:15,0,204,77
BRDA:15,0,205,77
BRDA:15,0,206,76
BRDA:15,0,207,76
BRDA:15,0,208,78
BRDA:15,0,209,78
BRDA:15,0,210,77
BRDA:15,0,211,77
BRDA:15,0,212,73
BRDA:15,0,213,73
BRDA:15,0,214,68
BRDA:15,0,215,68
BRDA:15,0,216,73
BRDA:15,0,217,73
BRDA:15,0,218,70
BRDA:15,0,219,70
BRDA:15,0,220,68
BRDA:15,0,221,68
BRDA:15,0,222,75
BRDA:15,0,223,75
BRDA:15,0,224,77
BRDA:15,0,225,77
BRDA:15,0,226,85
BRDA:15,0,227,85
BRDA:15,0,228,75
BRDA:15,0,229,75
BRDA:15,0,230,73
BRDA:15,0,231,73
BRDA:15,0,232,77
BRDA:15,0,233,77
BRDA:15,0,234,65
BRDA:15,0,235,65
BRDA:15,0,236,73
BRDA:15,0,237,73
BRDA:15,0,238,74
BRDA:15,0,239,74
BRDA:15,0,240,74
BRDA:15,0,241,74
BRDA:15,0,242,70
BRDA:15,0,243,70
BRDA:15,0,244,80
BRDA:15,0,245,80
BRDA:15,0,246,74
BRDA:15,0,247,74
BRDA:15,0,248,78
BRDA:15,0,249,78
BRDA:15,0,250,79
BRDA:15,0,251,79
BRDA:15,0,252,70
BRDA:15,0,253,70
BRDA:15,0,254,73
BRDA:15,0,255,73
BRDA:15,0,256,82
BRDA:15,0,257,82
BRDA:15,0,258,77
BRDA:15,0,259,77
BRDA:15,0,260,76
BRDA:15,0,261,76
BRDA:15,0,262,74
BRDA:15,0,263,74
BRDA:15,0,264,71
BRDA:15,0,265,71
BRDA:15,0,266,70
BRDA:15,0,267,70
BRDA:15,0,268,74
BRDA:15,0,269,74
BRDA:15,0,270,72
BRDA:15,0,271,72
BRDA:15,0,272,74
BRDA:15,0,273,74
BRDA:15,0,274,83
BRDA:15,0,275,83
BRDA:15,0,276,80
BRDA:15,0,277,80
BRDA:15,0,278,78
BRDA:15,0,279,78
BRDA:15,0,280,74
BRDA:15,0,281,74
BRDA:15,0,282,73
BRDA:15,0,283,73
BRDA:15,0,284,78
BRDA:15,0,285,78
BRDA:15,0,286,80
BRDA:15,0,287,80
BRDA:15,0,288,76
BRDA:15,0,289,76
BRDA:15,0,290,71
BRDA:15,0,291,71
BRDA:15,0,292,75
BRDA:15,0,293,75
BRDA:15,0,294,82
BRDA:15,0,295,82
BRDA:15,0,296,76
BRDA:15,0,297,76
BRDA:15,0,298,75
BRDA:15,0,299,75
BRDA:15,0,300,73
BRDA:15,0,301,73
BRDA:15,0,302,69
BRDA:15,0,303,69
BRDA:15,0,304,67
BRDA:15,0,305,67
BRDA:15,0,306,71
BRDA:15,0,307,71
BRDA:15,0,308,77
BRDA:15,0,309,77
BRDA:15,0,310,70
BRDA:15,0,311,70
BRDA:15,0,312,82
BRDA:15,0,313,82
BRDA:15,0,314,68
BRDA:15,0,315,68
BRDA:15,0,316,74
BRDA:15,0,317,74
BRDA:15,0,318,76
BRDA:15,0,319,76
BRDA:15,0,320,75
BRDA:15,0,321,75
BRDA:15,0,322,72
BRDA:15,0,323,72
BRDA:15,0,324,78
BRDA:15,0,325,78
BRDA:15,0,326,74
BRDA:15,0,327,74
BRDA:15,0,328,78
BRDA:15,0,329,78
BRDA:15,0,330,78
BRDA:15,0,331,78
BRDA:15,0,332,74
BRDA:15,0,333,74
BRDA:15,0,334,80
BRDA:15,0,335,80
BRDA:15,0,336,75
BRDA:15,0,337,75
BRDA:15,0,338,70
BRDA:15,0,339,70
BRDA:15,0,340,78
BRDA:15,0,341,78
BRDA:15,0,342,75
BRDA:15,0,343,75
BRDA:15,0,344,79
BRDA:15,0,345,79
BRDA:15,0,346,72
BRDA:15,0,347,72
BRDA:15,0,348,71
BRDA:15,0,349,71
BRDA:15,0,350,77
BRDA:15,0,351,77
BRDA:15,0,352,69887
BRDA:15,0,353,69887
BRDA:15,0,354,69788
BRDA:15,0,355,69788
BRDA:15,0,356,69603
BRDA:15,0,357,69603
BRDA:15,0,358,69691
BRDA:15,0,359,69691
BRDA:15,0,360,4102
BRDA:15,0,361,4102
BRDA:15,0,362,4168
BRDA:15,0,363,4168
BRDA:15,0,364,4205
BRDA:15,0,365,4205
BRDA:15,0,366,4203
BRDA:15,0,367,4203
BRDA:15,0,368,88
BRDA:15,0,369,88
BRDA:15,0,370,75
BRDA:15,0,371,75
BRDA:15,0,372,73
BRDA:15,0,373,73
BRDA:15,0,374,81
BRDA:15,0,375,81
BRDA:15,0,376,67
BRDA:15,0,377,67
BRDA:15,0,378,83
BRDA:15,0,379,83
BRDA:15,0,380,70
BRDA:15,0,381,70
BRDA:15,0,382,78
BRDA:15,0,383,78
BRDA:15,0,384,75
BRDA:15,0,385,75
BRDA:15,0,386,62
BRDA:15,0,387,62
BRDA:15,0,388,76
BRDA:15,0,389,76
BRDA:15,0,390,74
BRDA:15,0,391,74
BRDA:15,0,392,76
BRDA:15,0,393,76
BRDA:15,0,394,76
BRDA:15,0,395,76
BRDA:15,0,396,82
BRDA:15,0,397,82
BRDA:15,0,398,74
BRDA:15,0,399,74
BRDA:15,0,400,69514
BRDA:15,0,401,69514
BRDA:15,0,402,69707
BRDA:15,0,403,69707
BRDA:15,0,404,69709
BRDA:15,0,405,69709
BRDA:15,0,406,69754
BRDA:15,0,407,69754
BRDA:15,0,408,4168
BRDA:15,0,409,4168
BRDA:15,0,410,4274
BRDA:15,0,411,4274
BRDA:15,0,412,4192
BRDA:15,0,413,4192
BRDA:15,0,414,4220
BRDA:15,0,415,4220
BRDA:15,0,416,65509
BRDA:15,0,417,65509
BRDA:15,0,418,65636
BRDA:15,0,419,65636
BRDA:15,0,420,65666
BRDA:15,0,421,65666
BRDA:15,0,422,65759
BRDA:15,0,423,65759
BRDA:15,0,424,77
BRDA:15,0,425,77
BRDA:15,0,426,75
BRDA:15,0,427,75
BRDA:15,0,428,64
BRDA:15,0,429,64
BRDA:15,0,430,77
BRDA:15,0,431,77
BRDA:15,0,432,65435
BRDA:15,0,433,65435
BRDA:15,0,434,65785
BRDA:15,0,435,65785
BRDA:15,0,436,65568
BRDA:15,0,437,65568
BRDA:15,0,438,65772
BRDA:15,0,439,65772
BRDA:15,0,440,73
BRDA:15,0,441,73
BRDA:15,0,442,71
BRDA:15,0,443,71
BRDA:15,0,444,69
BRDA:15,0,445,69
BRDA:15,0,446,74
BRDA:15,0,447,74
BRDA:15,0,448,65560
BRDA:15,0,449,65560
BRDA:15,0,450,65720
BRDA:15,0,451,65720
BRDA:15,0,452,65391
BRDA:15,0,453,65391
BRDA:15,0,454,65594
BRDA:15,0,455,65594
BRDA:15,0,456,68
BRDA:15,0,457,68
BRDA:15,0,458,71
BRDA:15,0,459,71
BRDA:15,0,460,78
BRDA:15,0,461,78
BRDA:15,0,462,74
BRDA:15,0,463,74
BRDA:15,0,464,65794
BRDA:15,0,465,65794
BRDA:15,0,466,65623
BRDA:15,0,467,65623
BRDA:15,0,468,65562
BRDA:15,0,469,65562
BRDA:15,0,470,65524
BRDA:15,0,471,65524
BRDA:15,0,472,82
BRDA:15,0,473,82
BRDA:15,0,474,83
BRDA:15,0,475,83
BRDA:15,0,476,82
BRDA:15,0,477,82
BRDA:15,0,478,73
BRDA:15,0,479,73
BRDA:15,0,480,65599
BRDA:15,0,481,65599
BRDA:15,0,482,65687
BRDA:15,0,483,65687
BRDA:15,0,484,65619
BRDA:15,0,485,65619
BRDA:15,0,486,65665
BRDA:15,0,487,65665
BRDA:15,0,488,60
BRDA:15,0,489,60
BRDA:15,0,490,71
BRDA:15,0,491,71
BRDA:15,0,492,78
BRDA:15,0,493,78
BRDA:15,0,494,76
BRDA:15,0,495,76
BRDA:15,0,496,65540
BRDA:15,0,497,65540
BRDA:15,0,498,65718
BRDA:15,0,499,65718
BRDA:15,0,500,65294
BRDA:15,0,501,65294
BRDA:15,0,502,65609
BRDA:15,0,503,65609
BRDA:15,0,504,73
BRDA:15,0,505,73
BRDA:15,0,506,72
BRDA:15,0,507,72
BRDA:15,0,508,78
BRDA:15,0,509,78
BRDA:15,0,510,72
BRDA:15,0,511,72
DA:16,70614
BRDA:16,0,0,70546
BRDA:16,0,1,70545
BRDA:16,0,2,70614
BRDA:16,0,3,70613
BRDA:16,0,4,70381
BRDA:16,0,5,70381
BRDA:16,0,6,70480
BRDA:16,0,7,70479
BRDA:16,0,8,69883
BRDA:16,0,9,69882
BRDA:16,0,10,81
BRDA:16,0,11,80
BRDA:16,0,12,79
BRDA:16,0,13,78
BRDA:16,0,14,76
BRDA:16,0,15,75
BRDA:16,0,16,65610
BRDA:16,0,17,65610
BRDA:16,0,18,65662
BRDA:16,0,19,65662
BRDA:16,0,20,65526
BRDA:16,0,21,65526
BRDA:16,0,22,65616
BRDA:16,0,23,65616
BRDA:16,0,24,65372
BRDA:16,0,25,65372
BRDA:16,0,26,77
BRDA:16,0,27,77
BRDA:16,0,28,75
BRDA:16,0,29,75
BRDA:16,0,30,63
BRDA:16,0,31,63
BRDA:16,0,32,65478
BRDA:16,0,33,65478
BRDA:16,0,34,65654
BRDA:16,0,35,65654
BRDA:16,0,36,65657
BRDA:16,0,37,65657
BRDA:16,0,38,65642
BRDA:16,0,39,65642
BRDA:16,0,40,65491
BRDA:16,0,41,65491
BRDA:16,0,42,76
BRDA:16,0,43,76
BRDA:16,0,44,82
BRDA:16,0,45,82
BRDA:16,0,46,72
BRDA:16,0,47,72
BRDA:16,0,48,84
BRDA:16,0,49,84
BRDA:16,0,50,76
BRDA:16,0,51,76
BRDA:16,0,52,72
BRDA:16,0,53,72
BRDA:16,0,54,73
BRDA:16,0,55,73
BRDA:16,0,56,71
BRDA:16,0,57,71
BRDA:16,0,58,79
BRDA:16,0,59,79
BRDA:16,0,60,76
BRDA:16,0,61,76
BRDA:16,0,62,75
BRDA:16,0,63,75
BRDA:16,0,64,74
BRDA:16,0,65,74
BRDA:16,0,66,69
BRDA:16,0,67,69
BRDA:16,0,68,71
BRDA:16,0,69,71
BRDA:16,0,70,65
BRDA:16,0,71,65
BRDA:16,0,72,75
BRDA:16,0,73,75
BRDA:16,0,74,77
BRDA:16,0,75,77
BRDA:16,0,76,72
BRDA:16,0,77,72
BRDA:16,0,78,79
BRDA:16,0,79,79
BRDA:16,0,80,77
BRDA:16,0,81,77
BRDA:16,0,82,72
BRDA:16,0,83,72
BRDA:16,0,84,77
BRDA:16,0,85,77
BRDA:16,0,86,83
BRDA:16,0,87,83
BRDA:16,0,88,70
BRDA:16,0,89,70
BRDA:16,0,90,79
BRDA:16,0,91,79
BRDA:16,0,92,70
BRDA:16,0,93,70
BRDA:16,0,94,81
BRDA:16,0,95,81
BRDA:16,0,96,75
BRDA:16,0,97,75
BRDA:16,0,98,67
BRDA:16,0,99,67
BRDA:16,0,100,84
BRDA:16,0,101,84
BRDA:16,0,102,75
BRDA:16,0,103,75
BRDA:16,0,104,69
BRDA:16,0,105,69
BRDA:16,0,106,72
BRDA:16,0,107,72
BRDA:16,0,108,72
BRDA:16,0,109,72
BRDA:16,0,110,77
BRDA:16,0,111,77
BRDA:16,0,112,80
BRDA:16,0,113,80
BRDA:16,0,114,72
BRDA:16,0,115,72
BRDA:16,0,116,71
BRDA:16,0,117,71
BRDA:16,0,118,76
BRDA:16,0,119,76
BRDA:16,0,120,67
BRDA:16,0,121,67
BRDA:16,0,122,68
BRDA:16,0,123,68
BRDA:16,0,124,78
BRDA:16,0,125,78
BRDA:16,0,126,74
BRDA:16,0,127,74
BRDA:16,0,128,74
BRDA:16,0,129,74
BRDA:16,0,130,80
BRDA:16,0,131,80
BRDA:16,0,132,74
BRDA:16,0,133,74
BRDA:16,0,134,76
BRDA:16,0,135,76
BRDA:16,0,136,65
BRDA:16,0,137,65
BRDA:16,0,138,79
BRDA:16,0,139,79
BRDA:16,0,140,72
BRDA:16,0,141,72
BRDA:16,0,142,79
BRDA:16,0,143,79
BRDA:16,0,144,80
BRDA:16,0,145,80
BRDA:16,0,146,73
BRDA:16,0,147,73
BRDA:16,0,148,75
BRDA:16,0,149,75
BRDA:16,0,150,74
BRDA:16,0,151,74
BRDA:16,0,152,64
BRDA:16,0,153,64
BRDA:16,0,154,70
BRDA:16,0,155,70
BRDA:16,0,156,76
BRDA:16,0,157,76
BRDA:16,0,158,78
BRDA:16,0,159,78
BRDA:16,0,160,76
BRDA:16,0,161,76
BRDA:16,0,162,79
BRDA:16,0,163,79
BRDA:16,0,164,71
BRDA:16,0,165,71
BRDA:16,0,166,84
BRDA:16,0,167,84
BRDA:16,0,168,72
BRDA:16,0,169,72
BRDA:16,0,170,70
BRDA:16,0,171,70
BRDA:16,0,172,71
BRDA:16,0,173,71
BRDA:16,0,174,70
BRDA:16,0,175,70
BRDA:16,0,176,70143
BRDA:16,0,177,70143
BRDA:16,0,178,70406
BRDA:16,0,179,70406
BRDA:16,0,180,70169
BRDA:16,0,181,70169
BRDA:16,0,182,69960
BRDA:16,0,183,69960
BRDA:16,0,184,69850
BRDA:16,0,185,69850
BRDA:16,0,186,82
BRDA:16,0,187,82
BRDA:16,0,188,67
BRDA:16,0,189,67
BRDA:16,0,190,72
BRDA:16,0,191,72
BRDA:16,0,192,75
BRDA:16,0,193,75
BRDA:16,0,194,71
BRDA:16,0,195,71
BRDA:16,0,196,77
BRDA:16,0,197,77
BRDA:16,0,198,64
BRDA:16,0,199,64
BRDA:16,0,200,70
BRDA:16,0,201,70
BRDA:16,0,202,81
BRDA:16,0,203,81
BRDA:16,0,204,68
BRDA:16,0,205,68
BRDA:16,0,206,80
BRDA:16,0,207,80
BRDA:16,0,208,72
BRDA:16,0,209,72
BRDA:16,0,210,77
BRDA:16,0,211,77
BRDA:16,0,212,82
BRDA:16,0,213,82
BRDA:16,0,214,72
BRDA:16,0,215,72
BRDA:16,0,216,75
BRDA:16,0,217,75
BRDA:16,0,218,75
BRDA:16,0,219,75
BRDA:16,0,220,81
BRDA:16,0,221,81
BRDA:16,0,222,72
BRDA:16,0,223,72
BRDA:16,0,224,70
BRDA:16,0,225,70
BRDA:16,0,226,75
BRDA:16,0,227,75
BRDA:16,0,228,73
BRDA:16,0,229,73
BRDA:16,0,230,72
BRDA:16,0,231,72
BRDA:16,0,232,76
BRDA:16,0,233,76
BRDA:16,0,234,73
BRDA:16,0,235,73
BRDA:16,0,236,70
BRDA:16,0,237,70
BRDA:16,0,238,83
BRDA:16,0,239,83
BRDA:16,0,240,70
BRDA:16,0,241,70
BRDA:16,0,242,72
BRDA:16,0,243,72
BRDA:16,0,244,76
BRDA:16,0,245,76
BRDA:16,0,246,83
BRDA:16,0,247,83
BRDA:16,0,248,70
BRDA:16,0,249,70
BRDA:16,0,250,68
BRDA:16,0,251,68
BRDA:16,0,252,74
BRDA:16,0,253,74
BRDA:16,0,254,73
BRDA:16,0,255,73
BRDA:16,0,256,80
BRDA:16,0,257,80
BRDA:16,0,258,73
BRDA:16,0,259,73
BRDA:16,0,260,70
BRDA:16,0,261,70
BRDA:16,0,262,73
BRDA:16,0,263,73
BRDA:16,0,264,71
BRDA:16,0,265,71
BRDA:16,0,266,73
BRDA:16,0,267,73
BRDA:16,0,268,67
BRDA:16,0,269,67
BRDA:16,0,270,73
BRDA:16,0,271,73
BRDA:16,0,272,70
BRDA:16,0,273,70
BRDA:16,0,274,71
BRDA:16,0,275,71
BRDA:16,0,276,77
BRDA:16,0,277,77
BRDA:16,0,278,72
BRDA:16,0,279,72
BRDA:16,0,280,72
BRDA:16,0,281,72
BRDA:16,0,282,72
BRDA:16,0,283,72
BRDA:16,0,284,79
BRDA:16,0,285,79
BRDA:16,0,286,75
BRDA:16,0,287,75
BRDA:16,0,288,71
BRDA:16,0,289,71
BRDA:16,0,290,72
BRDA:16,0,291,72
BRDA:16,0,292,73
BRDA:16,0,293,73
BRDA:16,0,294,72
BRDA:16,0,295,72
BRDA:16,0,296,71
BRDA:16,0,297,71
BRDA:16,0,298,69
BRDA:16,0,299,69
BRDA:16,0,300,70
BRDA:16,0,301,70
BRDA:16,0,302,69
BRDA:16,0,303,69
BRDA:16,0,304,81
BRDA:16,0,305,81
BRDA:16,0,306,81
BRDA:16,0,307,81
BRDA:16,0,308,71
BRDA:16,0,309,71
BRDA:16,0,310,74
BRDA:16,0,311,74
BRDA:16,0,312,68
BRDA:16,0,313,68
BRDA:16,0,314,74
BRDA:16,0,315,74
BRDA:16,0,316,79
BRDA:16,0,317,79
BRDA:16,0,318,70
BRDA:16,0,319,70
BRDA:16,0,320,71
BRDA:16,0,321,71
BRDA:16,0,322,72
BRDA:16,0,323,72
BRDA:16,0,324,71
BRDA:16,0,325,71
BRDA:16,0,326,76
BRDA:16,0,327,76
BRDA:16,0,328,76
BRDA:16,0,329,76
BRDA:16,0,330,81
BRDA:16,0,331,81
BRDA:16,0,332,76
BRDA:16,0,333,76
BRDA:16,0,334,73
BRDA:16,0,335,73
BRDA:16,0,336,79
BRDA:16,0,337,79
BRDA:16,0,338,74
BRDA:16,0,339,74
BRDA:16,0,340,71
BRDA:16,0,341,71
BRDA:16,0,342,71
BRDA:16,0,343,71
BRDA:16,0,344,75
BRDA:16,0,345,75
BRDA:16,0,346,68
BRDA:16,0,347,68
BRDA:16,0,348,63
BRDA:16,0,349,63
BRDA:16,0,350,76
BRDA:16,0,351,76
BRDA:16,0,352,70174
BRDA:16,0,353,70174
BRDA:16,0,354,70234
BRDA:16,0,355,70234
BRDA:16,0,356,69940
BRDA:16,0,357,69940
BRDA:16,0,358,69851
BRDA:16,0,359,69851
BRDA:16,0,360,69717
BRDA:16,0,361,69717
BRDA:16,0,362,75
BRDA:16,0,363,75
BRDA:16,0,364,73
BRDA:16,0,365,73
BRDA:16,0,366,77
BRDA:16,0,367,77
BRDA:16,0,368,79
BRDA:16,0,369,79
BRDA:16,0,370,75
BRDA:16,0,371,75
BRDA:16,0,372,73
BRDA:16,0,373,73
BRDA:16,0,374,71
BRDA:16,0,375,71
BRDA:16,0,376,64
BRDA:16,0,377,64
BRDA:16,0,378,71
BRDA:16,0,379,71
BRDA:16,0,380,69
BRDA:16,0,381,69
BRDA:16,0,382,71
BRDA:16,0,383,71
BRDA:16,0,384,82
BRDA:16,0,385,82
BRDA:16,0,386,76
BRDA:16,0,387,76
BRDA:16,0,388,69
BRDA:16,0,389,69
BRDA:16,0,390,74
BRDA:16,0,391,74
BRDA:16,0,392,70
BRDA:16,0,393,70
BRDA:16,0,394,78
BRDA:16,0,395,78
BRDA:16,0,396,71
BRDA:16,0,397,71
BRDA:16,0,398,83
BRDA:16,0,399,83
BRDA:16,0,400,70171
BRDA:16,0,401,70171
BRDA:16,0,402,70336
BRDA:16,0,403,70336
BRDA:16,0,404,70165
BRDA:16,0,405,70165
BRDA:16,0,406,69860
BRDA:16,0,407,69860
BRDA:16,0,408,69373
BRDA:16,0,409,69373
BRDA:16,0,410,76
BRDA:16,0,411,76
BRDA:16,0,412,69
BRDA:16,0,413,69
BRDA:16,0,414,78
BRDA:16,0,415,78
BRDA:16,0,416,66057
BRDA:16,0,417,66057
BRDA:16,0,418,65793
BRDA:16,0,419,65793
BRDA:16,0,420,65696
BRDA:16,0,421,65696
BRDA:16,0,422,65507
BRDA:16,0,423,65507
BRDA:16,0,424,65388
BRDA:16,0,425,65388
BRDA:16,0,426,78
BRDA:16,0,427,78
BRDA:16,0,428,77
BRDA:16,0,429,77
BRDA:16,0,430,76
BRDA:16,0,431,76
BRDA:16,0,432,65620
BRDA:16,0,433,65620
BRDA:16,0,434,65771
BRDA:16,0,435,65771
BRDA:16,0,436,65736
BRDA:16,0,437,65736
BRDA:16,0,438,65632
BRDA:16,0,439,65632
BRDA:16,0,440,65530
BRDA:16,0,441,65530
BRDA:16,0,442,72
BRDA:16,0,443,72
BRDA:16,0,444,76
BRDA:16,0,445,76
BRDA:16,0,446,68
BRDA:16,0,447,68
BRDA:16,0,448,65992
BRDA:16,0,449,65992
BRDA:16,0,450,65969
BRDA:16,0,451,65969
BRDA:16,0,452,65507
BRDA:16,0,453,65507
BRDA:16,0,454,65699
BRDA:16,0,455,65699
BRDA:16,0,456,65627
BRDA:16,0,457,65627
BRDA:16,0,458,77
BRDA:16,0,459,77
BRDA:16,0,460,69
BRDA:16,0,461,69
BRDA:16,0,462,75
BRDA:16,0,463,75
BRDA:16,0,464,65671
BRDA:16,0,465,65671
BRDA:16,0,466,65894
BRDA:16,0,467,65894
BRDA:16,0,468,65679
BRDA:16,0,469,65679
BRDA:16,0,470,65551
BRDA:16,0,471,65551
BRDA:16,0,472,65522
BRDA:16,0,473,65522
BRDA:16,0,474,71
BRDA:16,0,475,71
BRDA:16,0,476,76
BRDA:16,0,477,76
BRDA:16,0,478,85
BRDA:16,0,479,85
BRDA:16,0,480,65700
BRDA:16,0,481,65700
BRDA:16,0,482,65729
BRDA:16,0,483,65729
BRDA:16,0,484,65582
BRDA:16,0,485,65582
BRDA:16,0,486,65516
BRDA:16,0,487,65516
BRDA:16,0,488,65384
BRDA:16,0,489,65384
BRDA:16,0,490,71
BRDA:16,0,491,71
BRDA:16,0,492,72
BRDA:16,0,493,72
BRDA:16,0,494,76
BRDA:16,0,495,76
BRDA:16,0,496,65684
BRDA:16,0,497,65684
BRDA:16,0,498,65571
BRDA:16,0,499,65571
BRDA:16,0,500,65700
BRDA:16,0,501,65700
BRDA:16,0,502,65647
BRDA:16,0,503,65647
BRDA:16,0,504,65452
BRDA:16,0,505,65452
BRDA:16,0,506,67
BRDA:16,0,507,67
BRDA:16,0,508,74
BRDA:16,0,509,74
BRDA:16,0,510,71
BRDA:16,0,511,71
DA:17,70631
BRDA:17,0,0,70530
BRDA:17,0,1,70529
BRDA:17,0,2,47715
BRDA:17,0,3,47714
BRDA:17,0,4,16399
BRDA:17,0,5,16398
BRDA:17,0,6,4205
BRDA:17,0,7,4204
BRDA:17,0,8,4205
BRDA:17,0,9,4204
BRDA:17,0,10,4204
BRDA:17,0,11,4203
BRDA:17,0,12,4209
BRDA:17,0,13,4208
BRDA:17,0,14,4213
BRDA:17,0,15,4212
BRDA:17,0,16,4209
BRDA:17,0,17,4208
BRDA:17,0,18,4209
BRDA:17,0,19,4208
BRDA:17,0,20,4208
BRDA:17,0,21,4207
BRDA:17,0,22,70579
BRDA:17,0,23,70578
BRDA:17,0,24,4208
BRDA:17,0,25,4207
BRDA:17,0,26,70631
BRDA:17,0,27,70630
BRDA:17,0,28,70533
BRDA:17,0,29,70532
BRDA:17,0,30,70401
BRDA:17,0,31,70400
BRDA:17,0,32,70160
BRDA:17,0,33,70159
BRDA:17,0,34,70387
BRDA:17,0,35,70387
BRDA:17,0,36,70149
BRDA:17,0,37,70148
BRDA:17,0,38,70022
BRDA:17,0,39,70021
BRDA:17,0,40,69289
BRDA:17,0,41,69288
DA:19,70627
BRDA:19,0,0,70528
BRDA:19,0,1,70527
BRDA:19,0,2,47712
BRDA:19,0,3,47711
BRDA:19,0,4,16397
BRDA:19,0,5,16396
BRDA:19,0,6,4203
BRDA:19,0,7,4202
BRDA:19,0,8,4203
BRDA:19,0,9,4202
BRDA:19,0,10,4203
BRDA:19,0,11,4202
BRDA:19,0,12,4207
BRDA:19,0,13,4206
BRDA:19,0,14,4212
BRDA:19,0,15,4211
BRDA:19,0,16,4208
BRDA:19,0,17,4207
BRDA:19,0,18,4208
BRDA:19,0,19,4207
BRDA:19,0,20,4208
BRDA:19,0,21,4207
BRDA:19,0,22,70576
BRDA:19,0,23,70575
BRDA:19,0,24,4207
BRDA:19,0,25,4206
BRDA:19,0,26,70627
BRDA:19,0,27,70626
BRDA:19,0,28,70509
BRDA:19,0,29,70508
BRDA:19,0,30,70380
BRDA:19,0,31,70379
BRDA:19,0,32,70137
BRDA:19,0,33,70136
BRDA:19,0,34,70364
BRDA:19,0,35,70364
BRDA:19,0,36,70124
BRDA:19,0,37,70123
BRDA:19,0,38,69996
BRDA:19,0,39,69995
BRDA:19,0,40,69286
BRDA:19,0,41,69285
BRDA:19,0,42,70528
BRDA:19,0,43,70527
BRDA:19,0,44,47712
BRDA:19,0,45,47711
BRDA:19,0,46,16397
BRDA:19,0,47,16396
BRDA:19,0,48,4203
BRDA:19,0,49,4202
BRDA:19,0,50,4203
BRDA:19,0,51,4202
BRDA:19,0,52,4203
BRDA:19,0,53,4202
BRDA:19,0,54,4207
BRDA:19,0,55,4206
BRDA:19,0,56,4212
BRDA:19,0,57,4211
BRDA:19,0,58,4208
BRDA:19,0,59,4207
BRDA:19,0,60,4208
BRDA:19,0,61,4207
BRDA:19,0,62,4208
BRDA:19,0,63,4207
BRDA:19,0,64,70576
BRDA:19,0,65,70575
BRDA:19,0,66,4207
BRDA:19,0,67,4206
BRDA:19,0,68,70627
BRDA:19,0,69,70626
BRDA:19,0,70,70509
BRDA:19,0,71,70508
BRDA:19,0,72,70380
BRDA:19,0,73,70379
BRDA:19,0,74,70137
BRDA:19,0,75,70136
BRDA:19,0,76,70364
BRDA:19,0,77,70364
BRDA:19,0,78,70124
BRDA:19,0,79,70123
BRDA:19,0,80,69996
BRDA:19,0,81,69995
BRDA:19,0,82,69286
BRDA:19,0,83,69285
BRDA:19,0,84,70528
BRDA:19,0,85,70527
BRDA:19,0,86,47712
BRDA:19,0,87,47711
BRDA:19,0,88,16397
BRDA:19,0,89,16396
BRDA:19,0,90,4203
BRDA:19,0,91,4202
BRDA:19,0,92,4203
BRDA:19,0,93,4202
BRDA:19,0,94,4203
BRDA:19,0,95,4202
BRDA:19,0,96,4207
BRDA:19,0,97,4206
BRDA:19,0,98,4212
BRDA:19,0,99,4211
BRDA:19,0,100,4208
BRDA:19,0,101,4207
BRDA:19,0,102,4208
BRDA:19,0,103,4207
BRDA:19,0,104,4208
BRDA:19,0,105,4207
BRDA:19,0,106,70576
BRDA:19,0,107,70575
BRDA:19,0,108,4207
BRDA:19,0,109,4206
BRDA:19,0,110,70627
BRDA:19,0,111,70626
BRDA:19,0,112,70508
BRDA:19,0,113,70507
BRDA:19,0,114,70380
BRDA:19,0,115,70379
BRDA:19,0,116,70137
BRDA:19,0,117,70136
BRDA:19,0,118,70364
BRDA:19,0,119,70364
BRDA:19,0,120,70124
BRDA:19,0,121,70123
BRDA:19,0,122,69996
BRDA:19,0,123,69995
BRDA:19,0,124,69286
BRDA:19,0,125,69285
BRDA:19,0,126,70528
BRDA:19,0,127,70527
BRDA:19,0,128,47712
BRDA:19,0,129,47711
BRDA:19,0,130,16397
BRDA:19,0,131,16396
BRDA:19,0,132,4203
BRDA:19,0,133,4202
BRDA:19,0,134,4203
BRDA:19,0,135,4202
BRDA:19,0,136,4203
BRDA:19,0,137,4202
BRDA:19,0,138,4207
BRDA:19,0,139,4206
BRDA:19,0,140,4212
BRDA:19,0,141,4211
BRDA:19,0,142,4208
BRDA:19,0,143,4207
BRDA:19,0,144,4208
BRDA:19,0,145,4207
BRDA:19,0,146,4208
BRDA:19,0,147,4207
BRDA:19,0,148,70575
BRDA:19,0,149,70574
BRDA:19,0,150,4207
BRDA:19,0,151,4206
BRDA:19,0,152,70627
BRDA:19,0,153,70626
BRDA:19,0,154,70508
BRDA:19,0,155,70507
BRDA:19,0,156,70380
BRDA:19,0,157,70379
BRDA:19,0,158,70137
BRDA:19,0,159,70136
BRDA:19,0,160,70364
BRDA:19,0,161,70364
BRDA:19,0,162,70124
BRDA:19,0,163,70123
BRDA:19,0,164,69996
BRDA:19,0,165,69995
BRDA:19,0,166,69286
BRDA:19,0,167,69285
BRDA:19,0,168,70528
BRDA:19,0,169,70527
BRDA:19,0,170,47712
BRDA:19,0,171,47711
BRDA:19,0,172,16397
BRDA:19,0,173,16396
BRDA:19,0,174,4203
BRDA:19,0,175,4202
BRDA:19,0,176,4203
BRDA:19,0,177,4202
BRDA:19,0,178,4203
BRDA:19,0,179,4202
BRDA:19,0,180,4207
BRDA:19,0,181,4206
BRDA:19,0,182,4212
BRDA:19,0,183,4211
BRDA:19,0,184,4208
BRDA:19,0,185,4207
BRDA:19,0,186,4208
BRDA:19,0,187,4207
BRDA:19,0,188,4208
BRDA:19,0,189,4207
BRDA:19,0,190,70575
BRDA:19,0,191,70574
BRDA:19,0,192,4207
BRDA:19,0,193,4206
BRDA:19,0,194,70627
BRDA:19,0,195,70626
BRDA:19,0,196,70508
BRDA:19,0,197,70507
BRDA:19,0,198,70380
BRDA:19,0,199,70379
BRDA:19,0,200,70137
BRDA:19,0,201,70136
BRDA:19,0,202,70364
BRDA:19,0,203,70364
BRDA:19,0,204,70124
BRDA:19,0,205,70123
BRDA:19,0,206,69996
BRDA:19,0,207,69995
BRDA:19,0,208,69286
BRDA:19,0,209,69285
BRDA:19,0,210,70528
BRDA:19,0,211,70527
BRDA:19,0,212,47712
BRDA:19,0,213,47711
BRDA:19,0,214,16397
BRDA:19,0,215,16396
BRDA:19,0,216,4203
BRDA:19,0,217,4202
BRDA:19,0,218,4203
BRDA:19,0,219,4202
BRDA:19,0,220,4203
BRDA:19,0,221,4202
BRDA:19,0,222,4207
BRDA:19,0,223,4206
BRDA:19,0,224,4212
BRDA:19,0,225,4211
BRDA:19,0,226,4208
BRDA:19,0,227,4207
BRDA:19,0,228,4208
BRDA:19,0,229,4207
BRDA:19,0,230,4208
BRDA:19,0,231,4207
BRDA:19,0,232,70575
BRDA:19,0,233,70574
BRDA:19,0,234,4207
BRDA:19,0,235,4206
BRDA:19,0,236,70627
BRDA:19,0,237,70626
BRDA:19,0,238,70508
BRDA:19,0,239,70507
BRDA:19,0,240,70380
BRDA:19,0,241,70379
BRDA:19,0,242,70137
BRDA:19,0,243,70136
BRDA:19,0,244,70364
BRDA:19,0,245,70364
BRDA:19,0,246,70124
BRDA:19,0,247,70123
BRDA:19,0,248,69996
BRDA:19,0,249,69995
BRDA:19,0,250,69286
BRDA:19,0,251,69285
DA:20,110
BRDA:20,0,0,110
BRDA:20,0,1,110
BRDA:20,0,2,110
BRDA:20,0,3,110
BRDA:20,0,4,110
BRDA:20,0,5,110
BRDA:20,0,6,110
BRDA:20,0,7,110
BRDA:20,0,8,109
BRDA:20,0,9,109
BRDA:20,0,10,109
BRDA:20,0,11,109
DA:35,565294
BRDA:35,0,0,282647
BRDA:35,0,1,282647
BRDA:35,0,2,565294
DA:37,282401
DA:38,282401
DA:39,282401
DA:40,282401
DA:41,282401
DA:42,282401
DA:43,9036832
BRDA:43,0,0,282401
BRDA:43,0,1,9036832
DA:44,9036832
DA:45,9036832
DA:47,282401
DA:51,52
DA:53,52
DA:54,52
DA:55,2
DA:56,2
DA:57,2
DA:58,2
DA:59,2
DA:60,2
DA:61,2
DA:62,2
DA:63,2
DA:64,2
DA:65,2
DA:66,2
DA:67,2
DA:68,2
DA:69,2
DA:70,2
DA:71,2
DA:72,2
DA:73,2
DA:74,2
DA:75,2
DA:76,2
DA:77,2
DA:78,2
DA:79,2
DA:80,2
DA:81,0
DA:86,282488
DA:87,282488
DA:88,282488
DA:89,9039616
BRDA:89,0,0,282488
BRDA:89,0,1,9039616
DA:90,9039616
DA:91,9039616
DA:96,26
DA:98,26
DA:99,26
DA:100,26
DA:104,282401
DA:105,282401
DA:106,282401
DA:107,282401
DA:108,282401
DA:112,111
DA:113,111
DA:114,111
DA:115,111
DA:119,21
DA:121,21
DA:122,21
DA:123,126
BRDA:123,0,0,21
BRDA:123,0,1,126
DA:127,2
DA:128,2
DA:129,2
DA:130,2
DA:131,4
BRDA:131,0,0,2
BRDA:131,0,1,4
DA:132,2
DA:133,12
BRDA:133,0,0,2
BRDA:133,0,1,12
DA:134,12
DA:135,12
DA:144,282647
DA:145,282647
DA:146,282640
BRDA:146,0,0,282640
BRDA:146,0,1,7
DA:147,42
BRDA:147,0,0,7
BRDA:147,0,1,42
DA:148,38
BRDA:148,0,0,4
BRDA:148,0,1,38
DA:149,4
DA:150,4
DA:152,42
DA:153,42
DA:154,42
DA:155,42
DA:157,282640
DA:158,1413200
BRDA:158,0,0,282640
BRDA:158,0,1,1413200
DA:159,1413200
DA:160,1413200
DA:161,1413200
DA:162,1413200
DA:164,282640
DA:165,282401
BRDA:165,0,0,282401
BRDA:165,0,1,239
DA:166,282401
DA:167,282401
DA:168,282401
DA:169,282401
DA:170,282401
DA:174,282647
DA:179,0
BRDA:179,0,0,0
BRDA:179,0,1,0
DA:180,0
DA:183,282397
BRDA:183,0,0,282397
BRDA:183,0,1,250
DA:184,282397
DA:185,282397
DA:186,282397
DA:187,282397
DA:188,282397
DA:189,282397
BRDA:189,0,0,0
BRDA:189,0,1,282397
DA:190,0
DA:191,0
DA:196,0
BRDA:196,0,0,0
BRDA:196,0,1,0
DA:205,1
DA:206,1
DA:207,1
DA:208,1
DA:209,1
DA:210,1
DA:211,6
BRDA:211,0,0,1
BRDA:211,0,1,6
DA:212,6
DA:214,26
BRDA:214,0,0,1
BRDA:214,0,1,26
DA:215,26
DA:216,26
DA:218,1
BRDA:218,0,0,1
BRDA:218,0,1,0
DA:219,0
DA:220,0
DA:224,1
DA:225,3
BRDA:225,0,0,1
BRDA:225,0,1,3
DA:226,1
DA:227,1
DA:230,1
DA:231,4
BRDA:231,0,0,1
BRDA:231,0,1,4
DA:232,1
DA:233,1
DA:236,1
DA:237,1024
BRDA:237,0,0,1
BRDA:237,0,1,1024
BRDA:237,0,2,4
DA:238,1024
DA:240,1
DA:243,1
DA:244,1024
BRDA:244,0,0,1
BRDA:244,0,1,1024
BRDA:244,0,2,4
DA:245,1024
DA:246,4096
BRDA:246,0,0,1024
BRDA:246,0,1,4096
DA:247,1024
DA:249,1
DA:252,1
DA:253,1024
BRDA:253,0,0,1
BRDA:253,0,1,1024
BRDA:253,0,2,4
DA:254,1024
DA:255,8192
BRDA:255,0,0,1024
BRDA:255,0,1,8192
DA:256,1024
DA:258,1
DA:261,1
DA:262,16384
BRDA:262,0,0,1
BRDA:262,0,1,16384
BRDA:262,0,2,4
DA:263,16384
DA:264,65536
BRDA:264,0,0,16384
BRDA:264,0,1,65536
DA:265,16384
DA:267,1
DA:270,1
DA:271,262144
BRDA:271,0,0,1
BRDA:271,0,1,262144
BRDA:271,0,2,4
DA:272,262144
DA:273,3145728
BRDA:273,0,0,262144
BRDA:273,0,1,3145728
DA:274,262144
DA:276,1
DA:294,5
BRDA:294,0,0,1
BRDA:294,0,1,5
DA:295,5
DA:296,5
DA:301,1
DA:302,1024
BRDA:302,0,0,1
BRDA:302,0,1,1024
BRDA:302,0,2,32
DA:303,1
DA:304,1
DA:305,1024
BRDA:305,0,0,1
BRDA:305,0,1,1024
BRDA:305,0,2,32
DA:306,1
DA:309,1
DA:310,256
BRDA:310,0,0,1
BRDA:310,0,1,256
DA:311,1
DA:314,1
DA:315,32
BRDA:315,0,0,1
BRDA:315,0,1,32
DA:316,1
DA:319,1
DA:320,1
DA:321,1
DA:322,1
DA:323,1
DA:324,32
BRDA:324,0,0,1
BRDA:324,0,1,32
DA:325,32
BRDA:325,0,0,1
BRDA:325,0,1,32
DA:328,1
DA:329,32
BRDA:329,0,0,1
BRDA:329,0,1,32
BRDA:329,0,2,16
BRDA:329,0,3,16
DA:330,32
BRDA:330,0,0,1
BRDA:330,0,1,32
BRDA:330,0,2,16
BRDA:330,0,3,16
DA:331,4
BRDA:331,0,0,1
BRDA:331,0,1,2
BRDA:331,0,2,2
BRDA:331,0,3,4
DA:334,1
DA:335,8192
BRDA:335,0,0,1
BRDA:335,0,1,8192
BRDA:335,0,2,256
DA:336,1
DA:339,1
DA:340,256
BRDA:340,0,0,1
BRDA:340,0,1,256
DA:341,256
DA:342,171
BRDA:342,0,0,171
BRDA:342,0,1,85
DA:344,1
DA:347,1
DA:350,1
DA:351,9
BRDA:351,0,0,1
BRDA:351,0,1,9
DA:352,9
DA:353,5
BRDA:353,0,0,5
BRDA:353,0,1,4
BRDA:353,0,2,1
BRDA:353,0,3,0
BRDA:353,0,4,0
BRDA:353,0,5,0
BRDA:353,0,6,0
BRDA:353,0,7,0
DA:355,1
DA:358,1
DA:360,1
DA:361,1
DA:362,1
DA:363,1
DA:364,1
DA:365,1
DA:366,26
BRDA:366,0,0,1
BRDA:366,0,1,26
DA:367,5
DA:368,5
DA:369,5
DA:370,21
BRDA:370,0,0,0
BRDA:370,0,1,21
DA:371,0
DA:372,0
DA:374,21
DA:375,21
DA:377,1
DA:378,1
DA:379,1
DA:380,1
DA:381,1
DA:382,1
DA:383,1
DA:384,1
DA:385,1
BRDA:385,0,0,1
BRDA:385,0,1,1
BRDA:385,0,2,0
BRDA:385,0,3,0
DA:388,1
DA:389,1
DA:390,1
DA:391,1
BRF:1455
BRH:1391
end_of_record
